Build started 12/1/2015 6:12:44 μμ.
     1>Project "C:\Users\mariosbikos\Dropbox\myECE\ΥΠΟΛΟΓΙΣΤΙΚΗ ΓΕΩΜΕΤΡΙΑ & 3D ΜΟΝΤΕΛΟΠΟΙΗΣΗ\project_computational geometry\1o Erotima\Course1.vcxproj" on node 2 (Build target(s)).
     1>ClCompile:
         C:\Program Files (x86)\Microsoft Visual Studio 11.0\VC\bin\CL.exe /c /I"GeoLib\GeoPolygons 4.0" /I"GeoLib\GeoLib 4.0" /ZI /nologo /W3 /WX- /Od /Oy- /D WIN32 /D _DEBUG /D _CONSOLE /D _STATIC /D GLUT_BUILDING_LIB /Gm /EHsc /RTC1 /MDd /GS /fp:precise /Zc:wchar_t /Zc:forScope /Fo"Debug\\" /Fd"Debug\vc110.pdb" /Gd /TP /analyze- /errorReport:prompt main.cpp visuals.cpp
         visuals.cpp
     1>c:\users\mariosbikos\dropbox\myece\υπολογιστικη γεωμετρια & 3d μοντελοποιηση\project_computational geometry\1o erotima\visuals.cpp(144): warning C4018: '<' : signed/unsigned mismatch
     1>c:\users\mariosbikos\dropbox\myece\υπολογιστικη γεωμετρια & 3d μοντελοποιηση\project_computational geometry\1o erotima\visuals.cpp(164): warning C4018: '<' : signed/unsigned mismatch
     1>c:\users\mariosbikos\dropbox\myece\υπολογιστικη γεωμετρια & 3d μοντελοποιηση\project_computational geometry\1o erotima\visuals.cpp(385): warning C4018: '<' : signed/unsigned mismatch
     1>c:\users\mariosbikos\dropbox\myece\υπολογιστικη γεωμετρια & 3d μοντελοποιηση\project_computational geometry\1o erotima\visuals.cpp(392): warning C4018: '<' : signed/unsigned mismatch
     1>c:\users\mariosbikos\dropbox\myece\υπολογιστικη γεωμετρια & 3d μοντελοποιηση\project_computational geometry\1o erotima\visuals.cpp(400): warning C4018: '<' : signed/unsigned mismatch
     1>c:\users\mariosbikos\dropbox\myece\υπολογιστικη γεωμετρια & 3d μοντελοποιηση\project_computational geometry\1o erotima\visuals.cpp(420): warning C4018: '<' : signed/unsigned mismatch
     1>c:\users\mariosbikos\dropbox\myece\υπολογιστικη γεωμετρια & 3d μοντελοποιηση\project_computational geometry\1o erotima\visuals.cpp(429): warning C4018: '<' : signed/unsigned mismatch
     1>c:\users\mariosbikos\dropbox\myece\υπολογιστικη γεωμετρια & 3d μοντελοποιηση\project_computational geometry\1o erotima\visuals.cpp(437): warning C4018: '<' : signed/unsigned mismatch
         main.cpp
         Generating Code...
       Link:
         C:\Program Files (x86)\Microsoft Visual Studio 11.0\VC\bin\link.exe /ERRORREPORT:PROMPT /OUT:"Debug\Course1.exe" /INCREMENTAL /NOLOGO /LIBPATH:"GeoLib\GeoPolygons 4.0\Debug" /LIBPATH:"GeoLib\GeoLib 4.0\Debug" /LIBPATH:gl odbc32.lib odbccp32.lib opengl32.lib glaux.lib glut32.lib GeoLib.lib GeoPolygons.lib kernel32.lib user32.lib gdi32.lib winspool.lib comdlg32.lib advapi32.lib shell32.lib ole32.lib oleaut32.lib uuid.lib odbc32.lib odbccp32.lib /MANIFEST /MANIFESTUAC:"level='asInvoker' uiAccess='false'" /manifest:embed /DEBUG /PDB:"Debug\Course1.pdb" /SUBSYSTEM:CONSOLE /TLBID:1 /DYNAMICBASE /NXCOMPAT /IMPLIB:"Debug\Course1.lib" /MACHINE:X86 /SAFESEH Debug\main.obj
         Debug\visuals.obj
     1>main.obj : warning LNK4075: ignoring '/EDITANDCONTINUE' due to '/SAFESEH' specification
         GeoLib.lib(C2DVector.obj) : MSIL .netmodule or module compiled with /GL found; restarting link with /LTCG; add /LTCG to the link command line to improve linker performance
     1>LINK : warning LNK4075: ignoring '/INCREMENTAL' due to '/LTCG' specification
     1>main.obj : warning LNK4075: ignoring '/EDITANDCONTINUE' due to '/OPT:LBR' specification
     1>LINK : warning LNK4098: defaultlib 'MSVCRT' conflicts with use of other libs; use /NODEFAULTLIB:library
         Generating code
         Finished generating code
     1>GeoLib.lib(C2DVector.obj) : warning LNK4099: PDB 'vc80.pdb' was not found with 'GeoLib.lib(C2DVector.obj)' or at 'C:\Users\mariosbikos\Dropbox\myECE\╒╨╧╦╧├╔╙╘╔╩╟ ├┼┘╠┼╘╤╔┴ & 3D ╠╧═╘┼╦╧╨╧╔╟╙╟\project_computational geometry\1o Erotima\Debug\vc80.pdb'; linking object as if no debug info
     1>GeoLib.lib(C2DPoint.obj) : warning LNK4099: PDB 'vc80.pdb' was not found with 'GeoLib.lib(C2DPoint.obj)' or at 'C:\Users\mariosbikos\Dropbox\myECE\╒╨╧╦╧├╔╙╘╔╩╟ ├┼┘╠┼╘╤╔┴ & 3D ╠╧═╘┼╦╧╨╧╔╟╙╟\project_computational geometry\1o Erotima\Debug\vc80.pdb'; linking object as if no debug info
     1>GeoLib.lib(C2DLine.obj) : warning LNK4099: PDB 'vc80.pdb' was not found with 'GeoLib.lib(C2DLine.obj)' or at 'C:\Users\mariosbikos\Dropbox\myECE\╒╨╧╦╧├╔╙╘╔╩╟ ├┼┘╠┼╘╤╔┴ & 3D ╠╧═╘┼╦╧╨╧╔╟╙╟\project_computational geometry\1o Erotima\Debug\vc80.pdb'; linking object as if no debug info
     1>GeoLib.lib(C2DBaseSet.obj) : warning LNK4099: PDB 'vc80.pdb' was not found with 'GeoLib.lib(C2DBaseSet.obj)' or at 'C:\Users\mariosbikos\Dropbox\myECE\╒╨╧╦╧├╔╙╘╔╩╟ ├┼┘╠┼╘╤╔┴ & 3D ╠╧═╘┼╦╧╨╧╔╟╙╟\project_computational geometry\1o Erotima\Debug\vc80.pdb'; linking object as if no debug info
     1>GeoLib.lib(C2DRect.obj) : warning LNK4099: PDB 'vc80.pdb' was not found with 'GeoLib.lib(C2DRect.obj)' or at 'C:\Users\mariosbikos\Dropbox\myECE\╒╨╧╦╧├╔╙╘╔╩╟ ├┼┘╠┼╘╤╔┴ & 3D ╠╧═╘┼╦╧╨╧╔╟╙╟\project_computational geometry\1o Erotima\Debug\vc80.pdb'; linking object as if no debug info
     1>GeoLib.lib(C2DPointSet.obj) : warning LNK4099: PDB 'vc80.pdb' was not found with 'GeoLib.lib(C2DPointSet.obj)' or at 'C:\Users\mariosbikos\Dropbox\myECE\╒╨╧╦╧├╔╙╘╔╩╟ ├┼┘╠┼╘╤╔┴ & 3D ╠╧═╘┼╦╧╨╧╔╟╙╟\project_computational geometry\1o Erotima\Debug\vc80.pdb'; linking object as if no debug info
     1>GeoLib.lib(Grid.obj) : warning LNK4099: PDB 'vc80.pdb' was not found with 'GeoLib.lib(Grid.obj)' or at 'C:\Users\mariosbikos\Dropbox\myECE\╒╨╧╦╧├╔╙╘╔╩╟ ├┼┘╠┼╘╤╔┴ & 3D ╠╧═╘┼╦╧╨╧╔╟╙╟\project_computational geometry\1o Erotima\Debug\vc80.pdb'; linking object as if no debug info
     1>GeoLib.lib(C2DTriangle.obj) : warning LNK4099: PDB 'vc80.pdb' was not found with 'GeoLib.lib(C2DTriangle.obj)' or at 'C:\Users\mariosbikos\Dropbox\myECE\╒╨╧╦╧├╔╙╘╔╩╟ ├┼┘╠┼╘╤╔┴ & 3D ╠╧═╘┼╦╧╨╧╔╟╙╟\project_computational geometry\1o Erotima\Debug\vc80.pdb'; linking object as if no debug info
     1>GeoLib.lib(C2DLineBase.obj) : warning LNK4099: PDB 'vc80.pdb' was not found with 'GeoLib.lib(C2DLineBase.obj)' or at 'C:\Users\mariosbikos\Dropbox\myECE\╒╨╧╦╧├╔╙╘╔╩╟ ├┼┘╠┼╘╤╔┴ & 3D ╠╧═╘┼╦╧╨╧╔╟╙╟\project_computational geometry\1o Erotima\Debug\vc80.pdb'; linking object as if no debug info
     1>GeoLib.lib(C2DArc.obj) : warning LNK4099: PDB 'vc80.pdb' was not found with 'GeoLib.lib(C2DArc.obj)' or at 'C:\Users\mariosbikos\Dropbox\myECE\╒╨╧╦╧├╔╙╘╔╩╟ ├┼┘╠┼╘╤╔┴ & 3D ╠╧═╘┼╦╧╨╧╔╟╙╟\project_computational geometry\1o Erotima\Debug\vc80.pdb'; linking object as if no debug info
     1>GeoLib.lib(C2DLineBaseSet.obj) : warning LNK4099: PDB 'vc80.pdb' was not found with 'GeoLib.lib(C2DLineBaseSet.obj)' or at 'C:\Users\mariosbikos\Dropbox\myECE\╒╨╧╦╧├╔╙╘╔╩╟ ├┼┘╠┼╘╤╔┴ & 3D ╠╧═╘┼╦╧╨╧╔╟╙╟\project_computational geometry\1o Erotima\Debug\vc80.pdb'; linking object as if no debug info
     1>GeoLib.lib(Interval.obj) : warning LNK4099: PDB 'vc80.pdb' was not found with 'GeoLib.lib(Interval.obj)' or at 'C:\Users\mariosbikos\Dropbox\myECE\╒╨╧╦╧├╔╙╘╔╩╟ ├┼┘╠┼╘╤╔┴ & 3D ╠╧═╘┼╦╧╨╧╔╟╙╟\project_computational geometry\1o Erotima\Debug\vc80.pdb'; linking object as if no debug info
     1>GeoLib.lib(C2DCircle.obj) : warning LNK4099: PDB 'vc80.pdb' was not found with 'GeoLib.lib(C2DCircle.obj)' or at 'C:\Users\mariosbikos\Dropbox\myECE\╒╨╧╦╧├╔╙╘╔╩╟ ├┼┘╠┼╘╤╔┴ & 3D ╠╧═╘┼╦╧╨╧╔╟╙╟\project_computational geometry\1o Erotima\Debug\vc80.pdb'; linking object as if no debug info
     1>GeoLib.lib(IndexSet.obj) : warning LNK4099: PDB 'vc80.pdb' was not found with 'GeoLib.lib(IndexSet.obj)' or at 'C:\Users\mariosbikos\Dropbox\myECE\╒╨╧╦╧├╔╙╘╔╩╟ ├┼┘╠┼╘╤╔┴ & 3D ╠╧═╘┼╦╧╨╧╔╟╙╟\project_computational geometry\1o Erotima\Debug\vc80.pdb'; linking object as if no debug info
     1>GeoPolygons.lib(C2DPolygon.obj) : warning LNK4099: PDB 'vc80.pdb' was not found with 'GeoPolygons.lib(C2DPolygon.obj)' or at 'C:\Users\mariosbikos\Dropbox\myECE\╒╨╧╦╧├╔╙╘╔╩╟ ├┼┘╠┼╘╤╔┴ & 3D ╠╧═╘┼╦╧╨╧╔╟╙╟\project_computational geometry\1o Erotima\Debug\vc80.pdb'; linking object as if no debug info
     1>GeoPolygons.lib(C2DHoledPolyBaseSet.obj) : warning LNK4099: PDB 'vc80.pdb' was not found with 'GeoPolygons.lib(C2DHoledPolyBaseSet.obj)' or at 'C:\Users\mariosbikos\Dropbox\myECE\╒╨╧╦╧├╔╙╘╔╩╟ ├┼┘╠┼╘╤╔┴ & 3D ╠╧═╘┼╦╧╨╧╔╟╙╟\project_computational geometry\1o Erotima\Debug\vc80.pdb'; linking object as if no debug info
     1>GeoPolygons.lib(C2DPolyBase.obj) : warning LNK4099: PDB 'vc80.pdb' was not found with 'GeoPolygons.lib(C2DPolyBase.obj)' or at 'C:\Users\mariosbikos\Dropbox\myECE\╒╨╧╦╧├╔╙╘╔╩╟ ├┼┘╠┼╘╤╔┴ & 3D ╠╧═╘┼╦╧╨╧╔╟╙╟\project_computational geometry\1o Erotima\Debug\vc80.pdb'; linking object as if no debug info
     1>GeoPolygons.lib(C2DHoledPolygon.obj) : warning LNK4099: PDB 'vc80.pdb' was not found with 'GeoPolygons.lib(C2DHoledPolygon.obj)' or at 'C:\Users\mariosbikos\Dropbox\myECE\╒╨╧╦╧├╔╙╘╔╩╟ ├┼┘╠┼╘╤╔┴ & 3D ╠╧═╘┼╦╧╨╧╔╟╙╟\project_computational geometry\1o Erotima\Debug\vc80.pdb'; linking object as if no debug info
     1>GeoPolygons.lib(C2DHoledPolyBase.obj) : warning LNK4099: PDB 'vc80.pdb' was not found with 'GeoPolygons.lib(C2DHoledPolyBase.obj)' or at 'C:\Users\mariosbikos\Dropbox\myECE\╒╨╧╦╧├╔╙╘╔╩╟ ├┼┘╠┼╘╤╔┴ & 3D ╠╧═╘┼╦╧╨╧╔╟╙╟\project_computational geometry\1o Erotima\Debug\vc80.pdb'; linking object as if no debug info
     1>GeoPolygons.lib(C2DPolyBaseSet.obj) : warning LNK4099: PDB 'vc80.pdb' was not found with 'GeoPolygons.lib(C2DPolyBaseSet.obj)' or at 'C:\Users\mariosbikos\Dropbox\myECE\╒╨╧╦╧├╔╙╘╔╩╟ ├┼┘╠┼╘╤╔┴ & 3D ╠╧═╘┼╦╧╨╧╔╟╙╟\project_computational geometry\1o Erotima\Debug\vc80.pdb'; linking object as if no debug info
     1>GeoLib.lib(C2DRoute.obj) : warning LNK4099: PDB 'vc80.pdb' was not found with 'GeoLib.lib(C2DRoute.obj)' or at 'C:\Users\mariosbikos\Dropbox\myECE\╒╨╧╦╧├╔╙╘╔╩╟ ├┼┘╠┼╘╤╔┴ & 3D ╠╧═╘┼╦╧╨╧╔╟╙╟\project_computational geometry\1o Erotima\Debug\vc80.pdb'; linking object as if no debug info
     1>GeoLib.lib(RandomNumber.obj) : warning LNK4099: PDB 'vc80.pdb' was not found with 'GeoLib.lib(RandomNumber.obj)' or at 'C:\Users\mariosbikos\Dropbox\myECE\╒╨╧╦╧├╔╙╘╔╩╟ ├┼┘╠┼╘╤╔┴ & 3D ╠╧═╘┼╦╧╨╧╔╟╙╟\project_computational geometry\1o Erotima\Debug\vc80.pdb'; linking object as if no debug info
     1>GeoLib.lib(TravellingSalesman.obj) : warning LNK4099: PDB 'vc80.pdb' was not found with 'GeoLib.lib(TravellingSalesman.obj)' or at 'C:\Users\mariosbikos\Dropbox\myECE\╒╨╧╦╧├╔╙╘╔╩╟ ├┼┘╠┼╘╤╔┴ & 3D ╠╧═╘┼╦╧╨╧╔╟╙╟\project_computational geometry\1o Erotima\Debug\vc80.pdb'; linking object as if no debug info
     1>GeoLib.lib(C2DLineBaseSetSet.obj) : warning LNK4099: PDB 'vc80.pdb' was not found with 'GeoLib.lib(C2DLineBaseSetSet.obj)' or at 'C:\Users\mariosbikos\Dropbox\myECE\╒╨╧╦╧├╔╙╘╔╩╟ ├┼┘╠┼╘╤╔┴ & 3D ╠╧═╘┼╦╧╨╧╔╟╙╟\project_computational geometry\1o Erotima\Debug\vc80.pdb'; linking object as if no debug info
     1>GeoLib.lib(C2DRectSet.obj) : warning LNK4099: PDB 'vc80.pdb' was not found with 'GeoLib.lib(C2DRectSet.obj)' or at 'C:\Users\mariosbikos\Dropbox\myECE\╒╨╧╦╧├╔╙╘╔╩╟ ├┼┘╠┼╘╤╔┴ & 3D ╠╧═╘┼╦╧╨╧╔╟╙╟\project_computational geometry\1o Erotima\Debug\vc80.pdb'; linking object as if no debug info
     1>GeoLib.lib(C2DSegment.obj) : warning LNK4099: PDB 'vc80.pdb' was not found with 'GeoLib.lib(C2DSegment.obj)' or at 'C:\Users\mariosbikos\Dropbox\myECE\╒╨╧╦╧├╔╙╘╔╩╟ ├┼┘╠┼╘╤╔┴ & 3D ╠╧═╘┼╦╧╨╧╔╟╙╟\project_computational geometry\1o Erotima\Debug\vc80.pdb'; linking object as if no debug info
         Course1.vcxproj -> C:\Users\mariosbikos\Dropbox\myECE\ΥΠΟΛΟΓΙΣΤΙΚΗ ΓΕΩΜΕΤΡΙΑ & 3D ΜΟΝΤΕΛΟΠΟΙΗΣΗ\project_computational geometry\1o Erotima\Debug\Course1.exe
     1>Done Building Project "C:\Users\mariosbikos\Dropbox\myECE\ΥΠΟΛΟΓΙΣΤΙΚΗ ΓΕΩΜΕΤΡΙΑ & 3D ΜΟΝΤΕΛΟΠΟΙΗΣΗ\project_computational geometry\1o Erotima\Course1.vcxproj" (Build target(s)).

Build succeeded.

Time Elapsed 00:00:08.18
